[2023-09-12T14:56:46.012Z] Launched Application-->Login Test
[2023-09-12T14:56:49.345Z] Entered User Details-->Login Test
[2023-09-12T14:56:52.727Z] Validated success Login Msg-->Login Test
[2023-09-12T14:56:53.593Z] Launched Application-->SignUp Test
[2023-09-12T14:56:54.870Z] Entered User details-->SignUp Test
[2023-09-12T14:56:55.312Z] Verified User SignUp-->SignUp Test
[2023-09-12T14:56:57.246Z] Launched Application-->SignUp Test
[2023-09-12T14:56:59.471Z] Launched Application-->SignUp Test
[2023-09-12T14:57:00.865Z] Launched Application-->Login Test
[2023-09-12T14:57:04.078Z] Entered User Details-->Login Test
[2023-09-12T14:57:06.986Z] Validated success Login Msg-->Login Test
[2023-09-12T14:57:10.550Z] Launched Application-->Login Test
[2023-09-12T14:57:13.777Z] Entered User Details-->Login Test
[2023-09-12T14:57:16.674Z] Validated success Login Msg-->Login Test
[2023-09-12T14:57:27.856Z] Product Added to Cart and Placed Order
[2023-09-12T14:57:31.346Z] User detaile entered & Clicked On Purchased
[2023-09-12T14:57:31.423Z] Order Id :Id: 9851315Amount: 360 USDCard Number: 8173239123Name: JackSonDate: 12/8/2023
[2023-09-12T14:57:35.026Z] Validated Order & Logout
[2023-09-12T15:57:46.084Z] Launched Application-->Login Test
[2023-09-12T15:57:49.374Z] Entered User Details-->Login Test
[2023-09-12T15:57:54.359Z] Validated success Login Msg-->Login Test
[2023-09-12T15:57:56.639Z] Launched Application-->SignUp Test
[2023-09-12T15:57:58.064Z] Entered User details-->SignUp Test
[2023-09-12T15:57:58.222Z] Verified User SignUp-->SignUp Test
[2023-09-12T15:57:59.790Z] Launched Application-->SignUp Test
[2023-09-12T15:58:01.373Z] Verify User Exist message
[2023-09-12T15:58:02.298Z] Launched Application-->SignUp Test
[2023-09-12T15:58:02.850Z] Verify Invalid Data message
[2023-09-12T15:58:03.548Z] Launched Application-->Login Test
[2023-09-12T15:58:06.712Z] Entered User Details-->Login Test
[2023-09-12T15:58:11.690Z] Validated success Login Msg-->Login Test
[2023-09-12T15:58:15.314Z] Launched Application-->Login Test
[2023-09-12T15:58:18.494Z] Entered User Details-->Login Test
[2023-09-12T15:58:24.053Z] Validated success Login Msg-->Login Test
[2023-09-12T16:33:10.264Z] Launched Application-->Login Test
[2023-09-12T16:33:13.615Z] Entered User Details-->Login Test
[2023-09-12T16:33:16.231Z] Validated success Login Msg-->Login Test
[2023-09-12T16:33:16.737Z] Launched Application-->SignUp Test
[2023-09-12T16:33:18.332Z] Entered User details-->SignUp Test
[2023-09-12T16:33:18.457Z] Verified User SignUp-->SignUp Test
[2023-09-12T16:33:19.760Z] Launched Application-->SignUp Test
[2023-09-12T16:33:21.058Z] Verify User Exist message
[2023-09-12T16:33:22.526Z] Launched Application-->SignUp Test
[2023-09-12T16:33:23.096Z] Verify Invalid Data message
[2023-09-12T16:33:23.679Z] Launched Application-->Login Test
[2023-09-12T16:33:26.897Z] Entered User Details-->Login Test
[2023-09-12T16:33:29.744Z] Validated success Login Msg-->Login Test
[2023-09-12T16:33:33.170Z] Launched Application-->Login Test
[2023-09-12T16:33:36.331Z] Entered User Details-->Login Test
[2023-09-12T16:33:38.799Z] Validated success Login Msg-->Login Test
[2023-09-12T16:33:49.711Z] Product Added to Cart and Placed Order
[2023-09-12T16:33:53.087Z] User detaile entered & Clicked On Purchased
[2023-09-12T16:33:53.140Z] Order Id :Id: 6749302Amount: 720 USDCard Number: 8173239123Name: JackSonDate: 12/8/2023
[2023-09-12T16:33:56.440Z] Validated Order & Logout
[2023-09-12T17:04:04.259Z] Launched Application-->Login Test
[2023-09-12T17:04:07.672Z] Entered User Details-->Login Test
[2023-09-12T17:04:11.034Z] Validated success Login Msg-->Login Test
[2023-09-12T17:04:12.696Z] Launched Application-->SignUp Test
[2023-09-12T17:04:14.609Z] Entered User details-->SignUp Test
[2023-09-12T17:04:14.890Z] Verified User SignUp-->SignUp Test
[2023-09-12T17:04:16.416Z] Launched Application-->SignUp Test
[2023-09-12T17:04:18.215Z] Verify User Exist message
[2023-09-12T17:04:19.075Z] Launched Application-->SignUp Test
[2023-09-12T17:04:19.743Z] Verify Invalid Data message
[2023-09-12T17:04:20.548Z] Launched Application-->Login Test
[2023-09-12T17:04:24.062Z] Entered User Details-->Login Test
[2023-09-12T17:04:28.185Z] Validated success Login Msg-->Login Test
[2023-09-12T17:04:30.772Z] Launched Application-->Login Test
[2023-09-12T17:04:34.463Z] Entered User Details-->Login Test
[2023-09-12T17:04:39.112Z] Validated success Login Msg-->Login Test
[2023-09-12T17:04:51.100Z] Product Added to Cart and Placed Order
[2023-09-12T17:04:55.271Z] User detaile entered & Clicked On Purchased
[2023-09-12T17:04:55.323Z] Order Id :Id: 2738539Amount: 360 USDCard Number: 8173239123Name: JackSonDate: 12/8/2023
[2023-09-12T17:04:58.671Z] Validated Order & Logout
[2023-09-14T14:45:08.202Z] Launched Application-->Login Test
[2023-09-14T14:45:11.777Z] Entered User Details-->Login Test
[2023-09-14T14:45:14.741Z] Validated success Login Msg-->Login Test
[2023-09-14T14:45:25.795Z] Product Added to Cart and Placed Order
[2023-09-14T14:45:28.781Z] User detaile entered & Clicked On Purchased
[2023-09-14T14:45:28.827Z] Order Id :Id: 5143713Amount: 360 USDCard Number: 8173239123Name: JackSonDate: 14/8/2023
[2023-09-14T14:45:31.353Z] Validated Order & Logout
[2023-09-14T14:45:59.796Z] Launched Application-->Login Test
[2023-09-14T14:46:04.910Z] Entered User Details-->Login Test
[2023-09-14T14:46:07.772Z] Validated success Login Msg-->Login Test
[2023-09-14T14:46:30.746Z] Launched Application-->Login Test
[2023-09-14T14:46:34.669Z] Entered User Details-->Login Test
[2023-09-14T14:46:39.568Z] Validated success Login Msg-->Login Test
[2023-09-14T14:47:06.135Z] Launched Application-->SignUp Test
[2023-09-14T14:47:07.567Z] Entered User details-->SignUp Test
[2023-09-14T14:47:08.566Z] Verified User SignUp-->SignUp Test
[2023-09-14T14:47:09.941Z] Launched Application-->SignUp Test
[2023-09-14T14:47:11.970Z] Verify User Exist message
[2023-09-14T14:47:13.669Z] Launched Application-->SignUp Test
[2023-09-14T14:47:14.855Z] Verify Invalid Data message
[2023-09-14T14:50:35.287Z] Launched Application-->Login Test
[2023-09-14T14:50:39.519Z] Entered User Details-->Login Test
[2023-09-14T14:50:42.452Z] Validated success Login Msg-->Login Test
[2023-09-14T14:50:44.686Z] Launched Application-->SignUp Test
[2023-09-14T14:50:46.129Z] Entered User details-->SignUp Test
[2023-09-14T14:50:46.337Z] Verified User SignUp-->SignUp Test
[2023-09-14T14:50:48.335Z] Launched Application-->SignUp Test
[2023-09-14T14:50:49.825Z] Verify User Exist message
[2023-09-14T14:50:50.753Z] Launched Application-->SignUp Test
[2023-09-14T14:50:52.559Z] Verify Invalid Data message
[2023-09-14T14:50:53.596Z] Launched Application-->Login Test
[2023-09-14T14:50:57.562Z] Entered User Details-->Login Test
[2023-09-14T14:51:02.507Z] Validated success Login Msg-->Login Test
[2023-09-14T14:51:04.933Z] Launched Application-->Login Test
[2023-09-14T14:51:09.664Z] Entered User Details-->Login Test
[2023-09-14T14:51:13.764Z] Validated success Login Msg-->Login Test
[2023-09-14T14:51:24.004Z] Product Added to Cart and Placed Order
[2023-09-14T14:51:28.152Z] User detaile entered & Clicked On Purchased
[2023-09-14T14:51:28.181Z] Order Id :Id: 7914520Amount: 360 USDCard Number: 8173239123Name: JackSonDate: 14/8/2023
[2023-09-14T14:51:31.360Z] Validated Order & Logout
[2023-09-14T14:59:08.440Z] Launched Application-->Login Test
[2023-09-14T14:59:13.969Z] Entered User Details-->Login Test
[2023-09-14T14:59:16.871Z] Validated success Login Msg-->Login Test
[2023-09-14T14:59:27.403Z] Product Added to Cart and Placed Order
[2023-09-14T14:59:30.591Z] User detaile entered & Clicked On Purchased
[2023-09-14T14:59:30.636Z] Order Id :Id: 5380694Amount: 360 USDCard Number: 8173239123Name: JackSonDate: 14/8/2023
[2023-09-14T14:59:33.763Z] Validated Order & Logout
[2023-09-14T15:00:00.777Z] Launched Application-->Login Test
[2023-09-14T15:00:05.284Z] Entered User Details-->Login Test
[2023-09-14T15:00:08.678Z] Validated success Login Msg-->Login Test
[2023-09-14T15:00:34.517Z] Launched Application-->Login Test
[2023-09-14T15:00:37.843Z] Entered User Details-->Login Test
[2023-09-14T15:00:41.990Z] Validated success Login Msg-->Login Test
[2023-09-14T15:01:05.956Z] Launched Application-->SignUp Test
[2023-09-14T15:01:07.936Z] Entered User details-->SignUp Test
[2023-09-14T15:01:08.464Z] Verified User SignUp-->SignUp Test
[2023-09-14T15:01:09.486Z] Launched Application-->SignUp Test
[2023-09-14T15:01:11.525Z] Verify User Exist message
[2023-09-14T15:01:12.547Z] Launched Application-->SignUp Test
[2023-09-14T15:01:13.228Z] Verify Invalid Data message
[2023-09-14T15:03:43.781Z] Launched Application-->Login Test
[2023-09-14T15:03:47.175Z] Entered User Details-->Login Test
[2023-09-14T15:03:50.227Z] Validated success Login Msg-->Login Test
[2023-09-14T15:03:52.278Z] Launched Application-->SignUp Test
[2023-09-14T15:03:53.775Z] Entered User details-->SignUp Test
[2023-09-14T15:03:53.951Z] Verified User SignUp-->SignUp Test
[2023-09-14T15:03:55.849Z] Launched Application-->SignUp Test
[2023-09-14T15:03:57.714Z] Verify User Exist message
[2023-09-14T15:03:58.578Z] Launched Application-->SignUp Test
[2023-09-14T15:03:59.231Z] Verify Invalid Data message
[2023-09-14T15:04:00.100Z] Launched Application-->Login Test
[2023-09-14T15:04:03.533Z] Entered User Details-->Login Test
[2023-09-14T15:04:07.469Z] Validated success Login Msg-->Login Test
[2023-09-14T15:04:11.046Z] Launched Application-->Login Test
[2023-09-14T15:04:15.465Z] Entered User Details-->Login Test
[2023-09-14T15:04:18.804Z] Validated success Login Msg-->Login Test
[2023-09-14T15:04:30.292Z] Product Added to Cart and Placed Order
[2023-09-14T15:04:33.512Z] User detaile entered & Clicked On Purchased
[2023-09-14T15:04:33.547Z] Order Id :Id: 110135Amount: 360 USDCard Number: 8173239123Name: JackSonDate: 14/8/2023
[2023-09-14T15:04:35.856Z] Validated Order & Logout
[2025-07-01T17:18:40.020Z] Launched Application-->Login Test
[2025-07-01T17:18:43.223Z] Entered User Details-->Login Test
[2025-07-01T17:18:45.266Z] Validated success Login Msg-->Login Test
[2025-07-01T17:18:45.740Z] Launched Application-->SignUp Test
[2025-07-01T17:18:46.790Z] Entered User details-->SignUp Test
[2025-07-01T17:18:46.907Z] Verified User SignUp-->SignUp Test
[2025-07-01T17:18:47.305Z] Launched Application-->SignUp Test
[2025-07-01T17:18:48.397Z] Verify User Exist message
[2025-07-01T17:18:49.909Z] Launched Application-->SignUp Test
[2025-07-01T17:18:50.477Z] Verify Invalid Data message
[2025-07-01T17:18:51.143Z] Launched Application-->Login Test
[2025-07-01T17:18:54.256Z] Entered User Details-->Login Test
[2025-07-01T17:18:56.218Z] Validated success Login Msg-->Login Test
[2025-07-01T17:18:57.984Z] Launched Application-->Login Test
[2025-07-01T17:19:01.001Z] Entered User Details-->Login Test
[2025-07-01T17:19:03.495Z] Validated success Login Msg-->Login Test
[2025-07-01T17:19:11.442Z] Product Added to Cart and Placed Order
[2025-07-01T17:19:14.470Z] User detaile entered & Clicked On Purchased
[2025-07-01T17:19:14.571Z] Order Id :Id: 5647268Amount: 360 USDCard Number: 8173239123Name: JackSonDate: 1/6/2025
[2025-07-01T17:19:17.259Z] Validated Order & Logout
[2025-07-01T17:26:18.818Z] Launched Application-->Login Test
[2025-07-01T17:26:22.684Z] Entered User Details-->Login Test
[2025-07-01T17:26:24.753Z] Validated success Login Msg-->Login Test
[2025-07-01T17:26:25.729Z] Launched Application-->SignUp Test
[2025-07-01T17:26:26.767Z] Entered User details-->SignUp Test
[2025-07-01T17:26:26.901Z] Verified User SignUp-->SignUp Test
[2025-07-01T17:26:28.295Z] Launched Application-->SignUp Test
[2025-07-01T17:26:29.501Z] Verify User Exist message
[2025-07-01T17:26:30.041Z] Launched Application-->SignUp Test
[2025-07-01T17:26:30.652Z] Verify Invalid Data message
[2025-07-01T17:26:30.992Z] Launched Application-->Login Test
[2025-07-01T17:26:34.150Z] Entered User Details-->Login Test
[2025-07-01T17:26:36.578Z] Validated success Login Msg-->Login Test
[2025-07-01T17:26:38.879Z] Launched Application-->Login Test
[2025-07-01T17:26:41.832Z] Entered User Details-->Login Test
[2025-07-01T17:26:43.632Z] Validated success Login Msg-->Login Test
[2025-07-01T17:26:52.449Z] Product Added to Cart and Placed Order
[2025-07-01T17:26:55.250Z] User detaile entered & Clicked On Purchased
[2025-07-01T17:26:55.320Z] Order Id :Id: 6067943Amount: 360 USDCard Number: 8173239123Name: JackSonDate: 1/6/2025
[2025-07-01T17:26:58.443Z] Validated Order & Logout
[2025-07-01T17:31:50.135Z] Launched Application-->Login Test
[2025-07-01T17:31:58.579Z] Launched Application-->SignUp Test
[2025-07-01T17:32:09.959Z] Launched Application-->SignUp Test
[2025-07-01T17:32:22.182Z] Launched Application-->SignUp Test
[2025-07-01T17:32:28.601Z] Launched Application-->Login Test
[2025-07-01T17:32:31.941Z] Entered User Details-->Login Test
[2025-07-01T17:32:35.048Z] Validated success Login Msg-->Login Test
[2025-07-01T17:32:36.547Z] Launched Application-->Login Test
[2025-07-01T17:32:39.678Z] Entered User Details-->Login Test
[2025-07-01T17:32:42.230Z] Validated success Login Msg-->Login Test
[2025-07-01T17:32:51.589Z] Product Added to Cart and Placed Order
[2025-07-01T17:32:54.949Z] User detaile entered & Clicked On Purchased
[2025-07-01T17:32:55.011Z] Order Id :Id: 5011751Amount: 360 USDCard Number: 8173239123Name: JackSonDate: 1/6/2025
[2025-07-01T17:32:58.130Z] Validated Order & Logout
[2025-07-02T04:59:51.462Z] Launched Application-->Login Test
[2025-07-02T04:59:54.838Z] Entered User Details-->Login Test
[2025-07-02T04:59:56.855Z] Validated success Login Msg-->Login Test
[2025-07-02T04:59:57.387Z] Launched Application-->SignUp Test
[2025-07-02T05:00:04.714Z] Launched Application-->SignUp Test
[2025-07-02T05:00:06.700Z] Verify User Exist message
[2025-07-02T05:00:07.360Z] Launched Application-->SignUp Test
[2025-07-02T05:00:07.985Z] Verify Invalid Data message
[2025-07-02T05:00:08.536Z] Launched Application-->Login Test
[2025-07-02T05:00:12.198Z] Entered User Details-->Login Test
[2025-07-02T05:00:15.138Z] Validated success Login Msg-->Login Test
[2025-07-02T05:00:17.150Z] Launched Application-->Login Test
[2025-07-02T05:00:20.369Z] Entered User Details-->Login Test
[2025-07-02T05:00:22.537Z] Validated success Login Msg-->Login Test
[2025-07-02T05:00:31.763Z] Product Added to Cart and Placed Order
[2025-07-02T05:00:35.413Z] User detaile entered & Clicked On Purchased
[2025-07-02T05:00:35.480Z] Order Id :Id: 8706315Amount: 360 USDCard Number: 8173239123Name: JackSonDate: 2/6/2025
[2025-07-02T05:00:38.683Z] Validated Order & Logout
